# JRE version: OpenJDK Runtime Environment (11.0.8+10) (build 11.0.8+10-b944.6842174)
# Java VM: OpenJDK 64-Bit Server VM (11.0.8+10-b944.6842174, mixed mode, tiered, compressed oops, g1 gc, windows-amd64)
Heap:
 garbage-first heap   total 377856K, used 367957K [0x0000000080000000, 0x0000000100000000)
  region size 1024K, 3 young (3072K), 2 survivors (2048K)
 Metaspace       used 116574K, capacity 119359K, committed 120140K, reserved 1153024K
  class space    used 14486K, capacity 15460K, committed 15744K, reserved 1048576K
GC Heap History (20 events):
Event: 18.041 GC heap before
{Heap before GC invocations=33 (full 0):
 garbage-first heap   total 183296K, used 151418K [0x0000000080000000, 0x0000000100000000)
  region size 1024K, 53 young (54272K), 5 survivors (5120K)
 Metaspace       used 103973K, capacity 106318K, committed 106572K, reserved 1142784K
  class space    used 12814K, capacity 13626K, committed 13696K, reserved 1048576K
}
Event: 18.049 GC heap after
{Heap after GC invocations=34 (full 0):
 garbage-first heap   total 183296K, used 101520K [0x0000000080000000, 0x0000000100000000)
  region size 1024K, 3 young (3072K), 3 survivors (3072K)
 Metaspace       used 103973K, capacity 106318K, committed 106572K, reserved 1142784K
  class space    used 12814K, capacity 13626K, committed 13696K, reserved 1048576K
}
Event: 18.067 GC heap before
{Heap before GC invocations=34 (full 0):
 garbage-first heap   total 183296K, used 105616K [0x0000000080000000, 0x0000000100000000)
  region size 1024K, 8 young (8192K), 3 survivors (3072K)
 Metaspace       used 104269K, capacity 106596K, committed 106828K, reserved 1142784K
  class space    used 12865K, capacity 13676K, committed 13696K, reserved 1048576K
}
Event: 18.073 GC heap after
{Heap after GC invocations=35 (full 0):
 garbage-first heap   total 183296K, used 100776K [0x0000000080000000, 0x0000000100000000)
  region size 1024K, 1 young (1024K), 1 survivors (1024K)
 Metaspace       used 104269K, capacity 106596K, committed 106828K, reserved 1142784K
  class space    used 12865K, capacity 13676K, committed 13696K, reserved 1048576K
}
Event: 18.294 GC heap before
{Heap before GC invocations=35 (full 0):
 garbage-first heap   total 183296K, used 148904K [0x0000000080000000, 0x0000000100000000)
  region size 1024K, 49 young (50176K), 1 survivors (1024K)
 Metaspace       used 108238K, capacity 110891K, committed 111180K, reserved 1146880K
  class space    used 13447K, capacity 14373K, committed 14464K, reserved 1048576K
}
Event: 18.311 GC heap after
{Heap after GC invocations=36 (full 0):
 garbage-first heap   total 183296K, used 111046K [0x0000000080000000, 0x0000000100000000)
  region size 1024K, 7 young (7168K), 7 survivors (7168K)
 Metaspace       used 108238K, capacity 110891K, committed 111180K, reserved 1146880K
  class space    used 13447K, capacity 14373K, committed 14464K, reserved 1048576K
}
Event: 18.580 GC heap before
{Heap before GC invocations=37 (full 0):
 garbage-first heap   total 183296K, used 146886K [0x0000000080000000, 0x0000000100000000)
  region size 1024K, 44 young (45056K), 7 survivors (7168K)
 Metaspace       used 112123K, capacity 115044K, committed 115276K, reserved 1148928K
  class space    used 14048K, capacity 15124K, committed 15232K, reserved 1048576K
}
Event: 18.589 GC heap after
{Heap after GC invocations=38 (full 0):
 garbage-first heap   total 183296K, used 113555K [0x0000000080000000, 0x0000000100000000)
  region size 1024K, 4 young (4096K), 4 survivors (4096K)
 Metaspace       used 112123K, capacity 115044K, committed 115276K, reserved 1148928K
  class space    used 14048K, capacity 15124K, committed 15232K, reserved 1048576K
}
Event: 18.609 GC heap before
{Heap before GC invocations=38 (full 0):
 garbage-first heap   total 183296K, used 117651K [0x0000000080000000, 0x0000000100000000)
  region size 1024K, 8 young (8192K), 4 survivors (4096K)
 Metaspace       used 112195K, capacity 115160K, committed 115276K, reserved 1148928K
  class space    used 14060K, capacity 15165K, committed 15232K, reserved 1048576K
}
Event: 18.616 GC heap after
{Heap after GC invocations=39 (full 0):
 garbage-first heap   total 183296K, used 99908K [0x0000000080000000, 0x0000000100000000)
  region size 1024K, 1 young (1024K), 1 survivors (1024K)
 Metaspace       used 112195K, capacity 115160K, committed 115276K, reserved 1148928K
  class space    used 14060K, capacity 15165K, committed 15232K, reserved 1048576K
}
Event: 18.851 GC heap before
{Heap before GC invocations=39 (full 0):
 garbage-first heap   total 183296K, used 145988K [0x0000000080000000, 0x0000000100000000)
  region size 1024K, 47 young (48128K), 1 survivors (1024K)
 Metaspace       used 113644K, capacity 116720K, committed 117068K, reserved 1150976K
  class space    used 14253K, capacity 15380K, committed 15488K, reserved 1048576K
}
Event: 18.857 GC heap after
{Heap after GC invocations=40 (full 0):
 garbage-first heap   total 183296K, used 101717K [0x0000000080000000, 0x0000000100000000)
  region size 1024K, 3 young (3072K), 3 survivors (3072K)
 Metaspace       used 113644K, capacity 116720K, committed 117068K, reserved 1150976K
  class space    used 14253K, capacity 15380K, committed 15488K, reserved 1048576K
}
Event: 20.154 GC heap before
{Heap before GC invocations=41 (full 0):
 garbage-first heap   total 183296K, used 148821K [0x0000000080000000, 0x0000000100000000)
  region size 1024K, 49 young (50176K), 3 survivors (3072K)
 Metaspace       used 113578K, capacity 116239K, committed 117324K, reserved 1150976K
  class space    used 14077K, capacity 15047K, committed 15488K, reserved 1048576K
}
Event: 20.157 GC heap after
{Heap after GC invocations=42 (full 0):
 garbage-first heap   total 183296K, used 100209K [0x0000000080000000, 0x0000000100000000)
  region size 1024K, 2 young (2048K), 2 survivors (2048K)
 Metaspace       used 113578K, capacity 116239K, committed 117324K, reserved 1150976K
  class space    used 14077K, capacity 15047K, committed 15488K, reserved 1048576K
}
Event: 20.182 GC heap before
{Heap before GC invocations=42 (full 0):
 garbage-first heap   total 183296K, used 105329K [0x0000000080000000, 0x0000000100000000)
  region size 1024K, 8 young (8192K), 2 survivors (2048K)
 Metaspace       used 113835K, capacity 116483K, committed 117580K, reserved 1150976K
  class space    used 14108K, capacity 15058K, committed 15488K, reserved 1048576K
}
Event: 20.187 GC heap after
{Heap after GC invocations=43 (full 0):
 garbage-first heap   total 183296K, used 100179K [0x0000000080000000, 0x0000000100000000)
  region size 1024K, 1 young (1024K), 1 survivors (1024K)
 Metaspace       used 113835K, capacity 116483K, committed 117580K, reserved 1150976K
  class space    used 14108K, capacity 15058K, committed 15488K, reserved 1048576K
}
Event: 21.397 GC heap before
{Heap before GC invocations=43 (full 0):
 garbage-first heap   total 183296K, used 151379K [0x0000000080000000, 0x0000000100000000)
  region size 1024K, 50 young (51200K), 1 survivors (1024K)
 Metaspace       used 115849K, capacity 118591K, committed 119372K, reserved 1153024K
  class space    used 14382K, capacity 15332K, committed 15744K, reserved 1048576K
}
Event: 21.403 GC heap after
{Heap after GC invocations=44 (full 0):
 garbage-first heap   total 183296K, used 108544K [0x0000000080000000, 0x0000000100000000)
  region size 1024K, 7 young (7168K), 7 survivors (7168K)
 Metaspace       used 115849K, capacity 118591K, committed 119372K, reserved 1153024K
  class space    used 14382K, capacity 15332K, committed 15744K, reserved 1048576K
}
Event: 21.724 GC heap before
{Heap before GC invocations=44 (full 0):
 garbage-first heap   total 183296K, used 122880K [0x0000000080000000, 0x0000000100000000)
  region size 1024K, 15 young (15360K), 7 survivors (7168K)
 Metaspace       used 116569K, capacity 119359K, committed 120140K, reserved 1153024K
  class space    used 14485K, capacity 15460K, committed 15744K, reserved 1048576K
}
Event: 21.730 GC heap after
{Heap after GC invocations=45 (full 0):
 garbage-first heap   total 183296K, used 109909K [0x0000000080000000, 0x0000000100000000)
  region size 1024K, 2 young (2048K), 2 survivors (2048K)
 Metaspace       used 116569K, capacity 119359K, committed 120140K, reserved 1153024K
  class space    used 14485K, capacity 15460K, committed 15744K, reserved 1048576K
}

