# JRE version: OpenJDK Runtime Environment (11.0.8+10) (build 11.0.8+10-b944.6842174)
# Java VM: OpenJDK 64-Bit Server VM (11.0.8+10-b944.6842174, mixed mode, tiered, compressed oops, g1 gc, windows-amd64)
Heap:
 garbage-first heap   total 187392K, used 121915K [0x0000000080000000, 0x0000000100000000)
  region size 1024K, 27 young (27648K), 3 survivors (3072K)
 Metaspace       used 112320K, capacity 115299K, committed 115404K, reserved 1148928K
  class space    used 14145K, capacity 15205K, committed 15308K, reserved 1048576K
GC Heap History (20 events):
Event: 176.400 GC heap before
{Heap before GC invocations=52 (full 0):
 garbage-first heap   total 155648K, used 131568K [0x0000000080000000, 0x0000000100000000)
  region size 1024K, 20 young (20480K), 3 survivors (3072K)
 Metaspace       used 103177K, capacity 105676K, committed 105932K, reserved 1140736K
  class space    used 12852K, capacity 13671K, committed 13772K, reserved 1048576K
}
Event: 176.405 GC heap after
{Heap after GC invocations=53 (full 0):
 garbage-first heap   total 155648K, used 119654K [0x0000000080000000, 0x0000000100000000)
  region size 1024K, 3 young (3072K), 3 survivors (3072K)
 Metaspace       used 103177K, capacity 105676K, committed 105932K, reserved 1140736K
  class space    used 12852K, capacity 13671K, committed 13772K, reserved 1048576K
}
Event: 176.439 GC heap before
{Heap before GC invocations=53 (full 0):
 garbage-first heap   total 155648K, used 130918K [0x0000000080000000, 0x0000000100000000)
  region size 1024K, 15 young (15360K), 3 survivors (3072K)
 Metaspace       used 103711K, capacity 106228K, committed 106444K, reserved 1142784K
  class space    used 12916K, capacity 13749K, committed 13772K, reserved 1048576K
}
Event: 176.445 GC heap after
{Heap after GC invocations=54 (full 0):
 garbage-first heap   total 155648K, used 123144K [0x0000000080000000, 0x0000000100000000)
  region size 1024K, 2 young (2048K), 2 survivors (2048K)
 Metaspace       used 103711K, capacity 106228K, committed 106444K, reserved 1142784K
  class space    used 12916K, capacity 13749K, committed 13772K, reserved 1048576K
}
Event: 176.526 GC heap before
{Heap before GC invocations=54 (full 0):
 garbage-first heap   total 155648K, used 132360K [0x0000000080000000, 0x0000000100000000)
  region size 1024K, 11 young (11264K), 2 survivors (2048K)
 Metaspace       used 105380K, capacity 108101K, committed 108236K, reserved 1142784K
  class space    used 13209K, capacity 14151K, committed 14284K, reserved 1048576K
}
Event: 176.530 GC heap after
{Heap after GC invocations=55 (full 0):
 garbage-first heap   total 155648K, used 124619K [0x0000000080000000, 0x0000000100000000)
  region size 1024K, 1 young (1024K), 1 survivors (1024K)
 Metaspace       used 105380K, capacity 108101K, committed 108236K, reserved 1142784K
  class space    used 13209K, capacity 14151K, committed 14284K, reserved 1048576K
}
Event: 176.624 GC heap before
{Heap before GC invocations=55 (full 0):
 garbage-first heap   total 155648K, used 132811K [0x0000000080000000, 0x0000000100000000)
  region size 1024K, 9 young (9216K), 1 survivors (1024K)
 Metaspace       used 107228K, capacity 110045K, committed 110412K, reserved 1144832K
  class space    used 13527K, capacity 14554K, committed 14668K, reserved 1048576K
}
Event: 176.627 GC heap after
{Heap after GC invocations=56 (full 0):
 garbage-first heap   total 155648K, used 124796K [0x0000000080000000, 0x0000000100000000)
  region size 1024K, 2 young (2048K), 2 survivors (2048K)
 Metaspace       used 107228K, capacity 110045K, committed 110412K, reserved 1144832K
  class space    used 13527K, capacity 14554K, committed 14668K, reserved 1048576K
}
Event: 176.699 GC heap before
{Heap before GC invocations=56 (full 0):
 garbage-first heap   total 155648K, used 132988K [0x0000000080000000, 0x0000000100000000)
  region size 1024K, 10 young (10240K), 2 survivors (2048K)
 Metaspace       used 107410K, capacity 110241K, committed 110412K, reserved 1144832K
  class space    used 13527K, capacity 14554K, committed 14668K, reserved 1048576K
}
Event: 176.702 GC heap after
{Heap after GC invocations=57 (full 0):
 garbage-first heap   total 155648K, used 125673K [0x0000000080000000, 0x0000000100000000)
  region size 1024K, 2 young (2048K), 2 survivors (2048K)
 Metaspace       used 107410K, capacity 110241K, committed 110412K, reserved 1144832K
  class space    used 13527K, capacity 14554K, committed 14668K, reserved 1048576K
}
Event: 176.791 GC heap before
{Heap before GC invocations=58 (full 0):
 garbage-first heap   total 155648K, used 128745K [0x0000000080000000, 0x0000000100000000)
  region size 1024K, 10 young (10240K), 2 survivors (2048K)
 Metaspace       used 107340K, capacity 110084K, committed 110668K, reserved 1144832K
  class space    used 13467K, capacity 14429K, committed 14668K, reserved 1048576K
}
Event: 176.794 GC heap after
{Heap after GC invocations=59 (full 0):
 garbage-first heap   total 155648K, used 121856K [0x0000000080000000, 0x0000000100000000)
  region size 1024K, 2 young (2048K), 2 survivors (2048K)
 Metaspace       used 107340K, capacity 110084K, committed 110668K, reserved 1144832K
  class space    used 13467K, capacity 14429K, committed 14668K, reserved 1048576K
}
Event: 176.826 GC heap before
{Heap before GC invocations=59 (full 0):
 garbage-first heap   total 155648K, used 126976K [0x0000000080000000, 0x0000000100000000)
  region size 1024K, 7 young (7168K), 2 survivors (2048K)
 Metaspace       used 107755K, capacity 110525K, committed 110924K, reserved 1144832K
  class space    used 13523K, capacity 14513K, committed 14668K, reserved 1048576K
}
Event: 176.829 GC heap after
{Heap after GC invocations=60 (full 0):
 garbage-first heap   total 155648K, used 104912K [0x0000000080000000, 0x0000000100000000)
  region size 1024K, 1 young (1024K), 1 survivors (1024K)
 Metaspace       used 107755K, capacity 110525K, committed 110924K, reserved 1144832K
  class space    used 13523K, capacity 14513K, committed 14668K, reserved 1048576K
}
Event: 176.858 GC heap before
{Heap before GC invocations=60 (full 0):
 garbage-first heap   total 155648K, used 111056K [0x0000000080000000, 0x0000000100000000)
  region size 1024K, 7 young (7168K), 1 survivors (1024K)
 Metaspace       used 108010K, capacity 110774K, committed 111180K, reserved 1146880K
  class space    used 13556K, capacity 14532K, committed 14668K, reserved 1048576K
}
Event: 176.868 GC heap after
{Heap after GC invocations=61 (full 0):
 garbage-first heap   total 187392K, used 94277K [0x0000000080000000, 0x0000000100000000)
  region size 1024K, 1 young (1024K), 1 survivors (1024K)
 Metaspace       used 108010K, capacity 110774K, committed 111180K, reserved 1146880K
  class space    used 13556K, capacity 14532K, committed 14668K, reserved 1048576K
}
Event: 177.174 GC heap before
{Heap before GC invocations=61 (full 0):
 garbage-first heap   total 187392K, used 127045K [0x0000000080000000, 0x0000000100000000)
  region size 1024K, 33 young (33792K), 1 survivors (1024K)
 Metaspace       used 109251K, capacity 112064K, committed 112332K, reserved 1146880K
  class space    used 13678K, capacity 14683K, committed 14796K, reserved 1048576K
}
Event: 177.178 GC heap after
{Heap after GC invocations=62 (full 0):
 garbage-first heap   total 187392K, used 94923K [0x0000000080000000, 0x0000000100000000)
  region size 1024K, 2 young (2048K), 2 survivors (2048K)
 Metaspace       used 109251K, capacity 112064K, committed 112332K, reserved 1146880K
  class space    used 13678K, capacity 14683K, committed 14796K, reserved 1048576K
}
Event: 177.599 GC heap before
{Heap before GC invocations=62 (full 0):
 garbage-first heap   total 187392K, used 131787K [0x0000000080000000, 0x0000000100000000)
  region size 1024K, 37 young (37888K), 2 survivors (2048K)
 Metaspace       used 110609K, capacity 113432K, committed 113612K, reserved 1148928K
  class space    used 13922K, capacity 14950K, committed 15052K, reserved 1048576K
}
Event: 177.603 GC heap after
{Heap after GC invocations=63 (full 0):
 garbage-first heap   total 187392K, used 97339K [0x0000000080000000, 0x0000000100000000)
  region size 1024K, 3 young (3072K), 3 survivors (3072K)
 Metaspace       used 110609K, capacity 113432K, committed 113612K, reserved 1148928K
  class space    used 13922K, capacity 14950K, committed 15052K, reserved 1048576K
}

