# JRE version: OpenJDK Runtime Environment (11.0.8+10) (build 11.0.8+10-b944.6842174)
# Java VM: OpenJDK 64-Bit Server VM (11.0.8+10-b944.6842174, mixed mode, tiered, compressed oops, g1 gc, windows-amd64)
Heap:
 garbage-first heap   total 126976K, used 40275K [0x0000000080000000, 0x0000000100000000)
  region size 1024K, 12 young (12288K), 9 survivors (9216K)
 Metaspace       used 51578K, capacity 52807K, committed 52864K, reserved 1095680K
  class space    used 6588K, capacity 7009K, committed 7040K, reserved 1048576K
GC Heap History (14 events):
Event: 1.003 GC heap before
{Heap before GC invocations=0 (full 0):
 garbage-first heap   total 126976K, used 29696K [0x0000000080000000, 0x0000000100000000)
  region size 1024K, 24 young (24576K), 0 survivors (0K)
 Metaspace       used 10424K, capacity 10723K, committed 11008K, reserved 1058816K
  class space    used 1096K, capacity 1193K, committed 1280K, reserved 1048576K
}
Event: 1.009 GC heap after
{Heap after GC invocations=1 (full 0):
 garbage-first heap   total 126976K, used 9207K [0x0000000080000000, 0x0000000100000000)
  region size 1024K, 3 young (3072K), 3 survivors (3072K)
 Metaspace       used 10424K, capacity 10723K, committed 11008K, reserved 1058816K
  class space    used 1096K, capacity 1193K, committed 1280K, reserved 1048576K
}
Event: 2.520 GC heap before
{Heap before GC invocations=1 (full 0):
 garbage-first heap   total 126976K, used 80887K [0x0000000080000000, 0x0000000100000000)
  region size 1024K, 74 young (75776K), 3 survivors (3072K)
 Metaspace       used 18889K, capacity 19458K, committed 19712K, reserved 1067008K
  class space    used 2282K, capacity 2458K, committed 2560K, reserved 1048576K
}
Event: 2.526 GC heap after
{Heap after GC invocations=2 (full 0):
 garbage-first heap   total 126976K, used 15936K [0x0000000080000000, 0x0000000100000000)
  region size 1024K, 10 young (10240K), 10 survivors (10240K)
 Metaspace       used 18889K, capacity 19458K, committed 19712K, reserved 1067008K
  class space    used 2282K, capacity 2458K, committed 2560K, reserved 1048576K
}
Event: 2.670 GC heap before
{Heap before GC invocations=2 (full 0):
 garbage-first heap   total 126976K, used 28224K [0x0000000080000000, 0x0000000100000000)
  region size 1024K, 23 young (23552K), 10 survivors (10240K)
 Metaspace       used 20590K, capacity 21099K, committed 21248K, reserved 1067008K
  class space    used 2526K, capacity 2712K, committed 2816K, reserved 1048576K
}
Event: 2.674 GC heap after
{Heap after GC invocations=3 (full 0):
 garbage-first heap   total 126976K, used 16502K [0x0000000080000000, 0x0000000100000000)
  region size 1024K, 1 young (1024K), 1 survivors (1024K)
 Metaspace       used 20590K, capacity 21099K, committed 21248K, reserved 1067008K
  class space    used 2526K, capacity 2712K, committed 2816K, reserved 1048576K
}
Event: 3.207 GC heap before
{Heap before GC invocations=4 (full 0):
 garbage-first heap   total 126976K, used 67702K [0x0000000080000000, 0x0000000100000000)
  region size 1024K, 51 young (52224K), 1 survivors (1024K)
 Metaspace       used 26301K, capacity 26953K, committed 27008K, reserved 1073152K
  class space    used 3446K, capacity 3666K, committed 3712K, reserved 1048576K
}
Event: 3.210 GC heap after
{Heap after GC invocations=5 (full 0):
 garbage-first heap   total 126976K, used 18238K [0x0000000080000000, 0x0000000100000000)
  region size 1024K, 3 young (3072K), 3 survivors (3072K)
 Metaspace       used 26301K, capacity 26953K, committed 27008K, reserved 1073152K
  class space    used 3446K, capacity 3666K, committed 3712K, reserved 1048576K
}
Event: 3.943 GC heap before
{Heap before GC invocations=5 (full 0):
 garbage-first heap   total 126976K, used 65342K [0x0000000080000000, 0x0000000100000000)
  region size 1024K, 50 young (51200K), 3 survivors (3072K)
 Metaspace       used 35027K, capacity 35775K, committed 35840K, reserved 1081344K
  class space    used 4556K, capacity 4822K, committed 4864K, reserved 1048576K
}
Event: 3.950 GC heap after
{Heap after GC invocations=6 (full 0):
 garbage-first heap   total 126976K, used 21390K [0x0000000080000000, 0x0000000100000000)
  region size 1024K, 6 young (6144K), 6 survivors (6144K)
 Metaspace       used 35027K, capacity 35775K, committed 35840K, reserved 1081344K
  class space    used 4556K, capacity 4822K, committed 4864K, reserved 1048576K
}
Event: 4.725 GC heap before
{Heap before GC invocations=7 (full 0):
 garbage-first heap   total 126976K, used 83854K [0x0000000080000000, 0x0000000100000000)
  region size 1024K, 64 young (65536K), 6 survivors (6144K)
 Metaspace       used 40851K, capacity 41778K, committed 41984K, reserved 1085440K
  class space    used 5225K, capacity 5536K, committed 5632K, reserved 1048576K
}
Event: 4.731 GC heap after
{Heap after GC invocations=8 (full 0):
 garbage-first heap   total 126976K, used 24961K [0x0000000080000000, 0x0000000100000000)
  region size 1024K, 7 young (7168K), 7 survivors (7168K)
 Metaspace       used 40851K, capacity 41778K, committed 41984K, reserved 1085440K
  class space    used 5225K, capacity 5536K, committed 5632K, reserved 1048576K
}
Event: 11.362 GC heap before
{Heap before GC invocations=8 (full 0):
 garbage-first heap   total 126976K, used 85377K [0x0000000080000000, 0x0000000100000000)
  region size 1024K, 66 young (67584K), 7 survivors (7168K)
 Metaspace       used 44310K, capacity 45384K, committed 45568K, reserved 1089536K
  class space    used 5675K, capacity 6058K, committed 6144K, reserved 1048576K
}
Event: 11.367 GC heap after
{Heap after GC invocations=9 (full 0):
 garbage-first heap   total 126976K, used 27490K [0x0000000080000000, 0x0000000100000000)
  region size 1024K, 6 young (6144K), 6 survivors (6144K)
 Metaspace       used 44310K, capacity 45384K, committed 45568K, reserved 1089536K
  class space    used 5675K, capacity 6058K, committed 6144K, reserved 1048576K
}

