# JRE version: OpenJDK Runtime Environment (11.0.8+10) (build 11.0.8+10-b944.6842174)
# Java VM: OpenJDK 64-Bit Server VM (11.0.8+10-b944.6842174, mixed mode, tiered, compressed oops, g1 gc, windows-amd64)
Heap:
 garbage-first heap   total 302080K, used 295342K [0x0000000080000000, 0x0000000100000000)
  region size 1024K, 7 young (7168K), 6 survivors (6144K)
 Metaspace       used 82522K, capacity 84564K, committed 84684K, reserved 1122304K
  class space    used 10731K, capacity 11454K, committed 11468K, reserved 1048576K
GC Heap History (20 events):
Event: 5.156 GC heap before
{Heap before GC invocations=10 (full 0):
 garbage-first heap   total 126976K, used 92641K [0x0000000080000000, 0x0000000100000000)
  region size 1024K, 62 young (63488K), 9 survivors (9216K)
 Metaspace       used 56926K, capacity 58378K, committed 58496K, reserved 1099776K
  class space    used 7257K, capacity 7746K, committed 7808K, reserved 1048576K
}
Event: 5.164 GC heap after
{Heap after GC invocations=11 (full 0):
 garbage-first heap   total 152576K, used 43139K [0x0000000080000000, 0x0000000100000000)
  region size 1024K, 4 young (4096K), 4 survivors (4096K)
 Metaspace       used 56926K, capacity 58378K, committed 58496K, reserved 1099776K
  class space    used 7257K, capacity 7746K, committed 7808K, reserved 1048576K
}
Event: 5.339 GC heap before
{Heap before GC invocations=11 (full 0):
 garbage-first heap   total 152576K, used 59523K [0x0000000080000000, 0x0000000100000000)
  region size 1024K, 21 young (21504K), 4 survivors (4096K)
 Metaspace       used 58621K, capacity 60085K, committed 60160K, reserved 1101824K
  class space    used 7430K, capacity 7923K, committed 7936K, reserved 1048576K
}
Event: 5.343 GC heap after
{Heap after GC invocations=12 (full 0):
 garbage-first heap   total 152576K, used 45013K [0x0000000080000000, 0x0000000100000000)
  region size 1024K, 6 young (6144K), 6 survivors (6144K)
 Metaspace       used 58621K, capacity 60085K, committed 60160K, reserved 1101824K
  class space    used 7430K, capacity 7923K, committed 7936K, reserved 1048576K
}
Event: 5.843 GC heap before
{Heap before GC invocations=13 (full 0):
 garbage-first heap   total 152576K, used 100309K [0x0000000080000000, 0x0000000100000000)
  region size 1024K, 60 young (61440K), 6 survivors (6144K)
 Metaspace       used 63145K, capacity 64635K, committed 64844K, reserved 1105920K
  class space    used 8206K, capacity 8712K, committed 8780K, reserved 1048576K
}
Event: 5.848 GC heap after
{Heap after GC invocations=14 (full 0):
 garbage-first heap   total 152576K, used 48328K [0x0000000080000000, 0x0000000100000000)
  region size 1024K, 6 young (6144K), 6 survivors (6144K)
 Metaspace       used 63145K, capacity 64635K, committed 64844K, reserved 1105920K
  class space    used 8206K, capacity 8712K, committed 8780K, reserved 1048576K
}
Event: 6.444 GC heap before
{Heap before GC invocations=14 (full 0):
 garbage-first heap   total 152576K, used 104648K [0x0000000080000000, 0x0000000100000000)
  region size 1024K, 61 young (62464K), 6 survivors (6144K)
 Metaspace       used 68521K, capacity 70150K, committed 70348K, reserved 1110016K
  class space    used 8992K, capacity 9572K, committed 9676K, reserved 1048576K
}
Event: 6.449 GC heap after
{Heap after GC invocations=15 (full 0):
 garbage-first heap   total 152576K, used 52044K [0x0000000080000000, 0x0000000100000000)
  region size 1024K, 8 young (8192K), 8 survivors (8192K)
 Metaspace       used 68521K, capacity 70150K, committed 70348K, reserved 1110016K
  class space    used 8992K, capacity 9572K, committed 9676K, reserved 1048576K
}
Event: 7.153 GC heap before
{Heap before GC invocations=15 (full 0):
 garbage-first heap   total 152576K, used 109388K [0x0000000080000000, 0x0000000100000000)
  region size 1024K, 64 young (65536K), 8 survivors (8192K)
 Metaspace       used 74901K, capacity 76862K, committed 77132K, reserved 1116160K
  class space    used 9811K, capacity 10496K, committed 10572K, reserved 1048576K
}
Event: 7.161 GC heap after
{Heap after GC invocations=16 (full 0):
 garbage-first heap   total 152576K, used 56016K [0x0000000080000000, 0x0000000100000000)
  region size 1024K, 8 young (8192K), 8 survivors (8192K)
 Metaspace       used 74901K, capacity 76862K, committed 77132K, reserved 1116160K
  class space    used 9811K, capacity 10496K, committed 10572K, reserved 1048576K
}
Event: 7.589 GC heap before
{Heap before GC invocations=16 (full 0):
 garbage-first heap   total 152576K, used 112336K [0x0000000080000000, 0x0000000100000000)
  region size 1024K, 63 young (64512K), 8 survivors (8192K)
 Metaspace       used 75795K, capacity 77770K, committed 78028K, reserved 1116160K
  class space    used 9898K, capacity 10598K, committed 10700K, reserved 1048576K
}
Event: 7.600 GC heap after
{Heap after GC invocations=17 (full 0):
 garbage-first heap   total 152576K, used 60088K [0x0000000080000000, 0x0000000100000000)
  region size 1024K, 8 young (8192K), 8 survivors (8192K)
 Metaspace       used 75795K, capacity 77770K, committed 78028K, reserved 1116160K
  class space    used 9898K, capacity 10598K, committed 10700K, reserved 1048576K
}
Event: 7.933 GC heap before
{Heap before GC invocations=17 (full 0):
 garbage-first heap   total 152576K, used 115384K [0x0000000080000000, 0x0000000100000000)
  region size 1024K, 63 young (64512K), 8 survivors (8192K)
 Metaspace       used 76230K, capacity 78283K, committed 78540K, reserved 1118208K
  class space    used 9932K, capacity 10644K, committed 10700K, reserved 1048576K
}
Event: 7.941 GC heap after
{Heap after GC invocations=18 (full 0):
 garbage-first heap   total 183296K, used 63503K [0x0000000080000000, 0x0000000100000000)
  region size 1024K, 8 young (8192K), 8 survivors (8192K)
 Metaspace       used 76230K, capacity 78283K, committed 78540K, reserved 1118208K
  class space    used 9932K, capacity 10644K, committed 10700K, reserved 1048576K
}
Event: 8.357 GC heap before
{Heap before GC invocations=18 (full 0):
 garbage-first heap   total 183296K, used 133135K [0x0000000080000000, 0x0000000100000000)
  region size 1024K, 77 young (78848K), 8 survivors (8192K)
 Metaspace       used 76704K, capacity 78771K, committed 79052K, reserved 1118208K
  class space    used 9975K, capacity 10665K, committed 10700K, reserved 1048576K
}
Event: 8.364 GC heap after
{Heap after GC invocations=19 (full 0):
 garbage-first heap   total 183296K, used 66569K [0x0000000080000000, 0x0000000100000000)
  region size 1024K, 7 young (7168K), 7 survivors (7168K)
 Metaspace       used 76704K, capacity 78771K, committed 79052K, reserved 1118208K
  class space    used 9975K, capacity 10665K, committed 10700K, reserved 1048576K
}
Event: 9.770 GC heap before
{Heap before GC invocations=19 (full 0):
 garbage-first heap   total 183296K, used 136201K [0x0000000080000000, 0x0000000100000000)
  region size 1024K, 76 young (77824K), 7 survivors (7168K)
 Metaspace       used 81538K, capacity 83643K, committed 83788K, reserved 1122304K
  class space    used 10594K, capacity 11317K, committed 11340K, reserved 1048576K
}
Event: 9.776 GC heap after
{Heap after GC invocations=20 (full 0):
 garbage-first heap   total 183296K, used 70942K [0x0000000080000000, 0x0000000100000000)
  region size 1024K, 8 young (8192K), 8 survivors (8192K)
 Metaspace       used 81538K, capacity 83643K, committed 83788K, reserved 1122304K
  class space    used 10594K, capacity 11317K, committed 11340K, reserved 1048576K
}
Event: 10.243 GC heap before
{Heap before GC invocations=20 (full 0):
 garbage-first heap   total 183296K, used 102686K [0x0000000080000000, 0x0000000100000000)
  region size 1024K, 22 young (22528K), 8 survivors (8192K)
 Metaspace       used 82517K, capacity 84564K, committed 84684K, reserved 1122304K
  class space    used 10730K, capacity 11454K, committed 11468K, reserved 1048576K
}
Event: 10.248 GC heap after
{Heap after GC invocations=21 (full 0):
 garbage-first heap   total 183296K, used 84398K [0x0000000080000000, 0x0000000100000000)
  region size 1024K, 6 young (6144K), 6 survivors (6144K)
 Metaspace       used 82517K, capacity 84564K, committed 84684K, reserved 1122304K
  class space    used 10730K, capacity 11454K, committed 11468K, reserved 1048576K
}

