# JRE version: OpenJDK Runtime Environment (11.0.8+10) (build 11.0.8+10-b944.6842174)
# Java VM: OpenJDK 64-Bit Server VM (11.0.8+10-b944.6842174, mixed mode, tiered, compressed oops, g1 gc, windows-amd64)
Heap:
 garbage-first heap   total 264192K, used 145000K [0x0000000080000000, 0x0000000100000000)
  region size 1024K, 6 young (6144K), 6 survivors (6144K)
 Metaspace       used 129578K, capacity 132784K, committed 132976K, reserved 1165312K
  class space    used 15984K, capacity 17073K, committed 17140K, reserved 1048576K
GC Heap History (20 events):
Event: 93.543 GC heap after
{Heap after GC invocations=65 (full 0):
 garbage-first heap   total 183296K, used 130545K [0x0000000080000000, 0x0000000100000000)
  region size 1024K, 1 young (1024K), 1 survivors (1024K)
 Metaspace       used 117874K, capacity 120718K, committed 120944K, reserved 1155072K
  class space    used 14453K, capacity 15460K, committed 15604K, reserved 1048576K
}
Event: 93.731 GC heap before
{Heap before GC invocations=65 (full 0):
 garbage-first heap   total 183296K, used 137713K [0x0000000080000000, 0x0000000100000000)
  region size 1024K, 8 young (8192K), 1 survivors (1024K)
 Metaspace       used 117886K, capacity 120719K, committed 120944K, reserved 1155072K
  class space    used 14453K, capacity 15460K, committed 15604K, reserved 1048576K
}
Event: 93.734 GC heap after
{Heap after GC invocations=66 (full 0):
 garbage-first heap   total 183296K, used 112841K [0x0000000080000000, 0x0000000100000000)
  region size 1024K, 1 young (1024K), 1 survivors (1024K)
 Metaspace       used 117886K, capacity 120719K, committed 120944K, reserved 1155072K
  class space    used 14453K, capacity 15460K, committed 15604K, reserved 1048576K
}
Event: 93.817 GC heap before
{Heap before GC invocations=66 (full 0):
 garbage-first heap   total 183296K, used 123081K [0x0000000080000000, 0x0000000100000000)
  region size 1024K, 8 young (8192K), 1 survivors (1024K)
 Metaspace       used 117888K, capacity 120719K, committed 120944K, reserved 1155072K
  class space    used 14453K, capacity 15460K, committed 15604K, reserved 1048576K
}
Event: 93.823 GC heap after
{Heap after GC invocations=67 (full 0):
 garbage-first heap   total 183296K, used 106448K [0x0000000080000000, 0x0000000100000000)
  region size 1024K, 1 young (1024K), 1 survivors (1024K)
 Metaspace       used 117888K, capacity 120719K, committed 120944K, reserved 1155072K
  class space    used 14453K, capacity 15460K, committed 15604K, reserved 1048576K
}
Event: 94.858 GC heap before
{Heap before GC invocations=67 (full 0):
 garbage-first heap   total 183296K, used 139216K [0x0000000080000000, 0x0000000100000000)
  region size 1024K, 34 young (34816K), 1 survivors (1024K)
 Metaspace       used 118811K, capacity 121645K, committed 121712K, reserved 1155072K
  class space    used 14554K, capacity 15570K, committed 15604K, reserved 1048576K
}
Event: 94.863 GC heap after
{Heap after GC invocations=68 (full 0):
 garbage-first heap   total 220160K, used 107477K [0x0000000080000000, 0x0000000100000000)
  region size 1024K, 2 young (2048K), 2 survivors (2048K)
 Metaspace       used 118811K, capacity 121645K, committed 121712K, reserved 1155072K
  class space    used 14554K, capacity 15570K, committed 15604K, reserved 1048576K
}
Event: 95.604 GC heap before
{Heap before GC invocations=68 (full 0):
 garbage-first heap   total 220160K, used 159701K [0x0000000080000000, 0x0000000100000000)
  region size 1024K, 54 young (55296K), 2 survivors (2048K)
 Metaspace       used 122592K, capacity 125512K, committed 125808K, reserved 1159168K
  class space    used 15019K, capacity 16004K, committed 16116K, reserved 1048576K
}
Event: 95.610 GC heap after
{Heap after GC invocations=69 (full 0):
 garbage-first heap   total 220160K, used 110131K [0x0000000080000000, 0x0000000100000000)
  region size 1024K, 5 young (5120K), 5 survivors (5120K)
 Metaspace       used 122592K, capacity 125512K, committed 125808K, reserved 1159168K
  class space    used 15019K, capacity 16004K, committed 16116K, reserved 1048576K
}
Event: 96.436 GC heap before
{Heap before GC invocations=69 (full 0):
 garbage-first heap   total 220160K, used 164403K [0x0000000080000000, 0x0000000100000000)
  region size 1024K, 59 young (60416K), 5 survivors (5120K)
 Metaspace       used 123669K, capacity 126651K, committed 126960K, reserved 1161216K
  class space    used 15150K, capacity 16170K, committed 16244K, reserved 1048576K
}
Event: 96.444 GC heap after
{Heap after GC invocations=70 (full 0):
 garbage-first heap   total 220160K, used 112969K [0x0000000080000000, 0x0000000100000000)
  region size 1024K, 7 young (7168K), 7 survivors (7168K)
 Metaspace       used 123669K, capacity 126651K, committed 126960K, reserved 1161216K
  class space    used 15150K, capacity 16170K, committed 16244K, reserved 1048576K
}
Event: 96.816 GC heap before
{Heap before GC invocations=70 (full 0):
 garbage-first heap   total 220160K, used 169289K [0x0000000080000000, 0x0000000100000000)
  region size 1024K, 63 young (64512K), 7 survivors (7168K)
 Metaspace       used 123954K, capacity 126865K, committed 126960K, reserved 1161216K
  class space    used 15176K, capacity 16177K, committed 16244K, reserved 1048576K
}
Event: 96.823 GC heap after
{Heap after GC invocations=71 (full 0):
 garbage-first heap   total 220160K, used 114898K [0x0000000080000000, 0x0000000100000000)
  region size 1024K, 5 young (5120K), 5 survivors (5120K)
 Metaspace       used 123954K, capacity 126865K, committed 126960K, reserved 1161216K
  class space    used 15176K, capacity 16177K, committed 16244K, reserved 1048576K
}
Event: 97.070 GC heap before
{Heap before GC invocations=71 (full 0):
 garbage-first heap   total 220160K, used 174290K [0x0000000080000000, 0x0000000100000000)
  region size 1024K, 62 young (63488K), 5 survivors (5120K)
 Metaspace       used 124797K, capacity 127821K, committed 128112K, reserved 1161216K
  class space    used 15295K, capacity 16324K, committed 16372K, reserved 1048576K
}
Event: 97.079 GC heap after
{Heap after GC invocations=72 (full 0):
 garbage-first heap   total 220160K, used 121236K [0x0000000080000000, 0x0000000100000000)
  region size 1024K, 7 young (7168K), 7 survivors (7168K)
 Metaspace       used 124797K, capacity 127821K, committed 128112K, reserved 1161216K
  class space    used 15295K, capacity 16324K, committed 16372K, reserved 1048576K
}
Event: 97.548 GC heap before
{Heap before GC invocations=72 (full 0):
 garbage-first heap   total 220160K, used 179604K [0x0000000080000000, 0x0000000100000000)
  region size 1024K, 62 young (63488K), 7 survivors (7168K)
 Metaspace       used 127511K, capacity 130572K, committed 130800K, reserved 1163264K
  class space    used 15697K, capacity 16731K, committed 16756K, reserved 1048576K
}
Event: 97.555 GC heap after
{Heap after GC invocations=73 (full 0):
 garbage-first heap   total 220160K, used 126880K [0x0000000080000000, 0x0000000100000000)
  region size 1024K, 6 young (6144K), 6 survivors (6144K)
 Metaspace       used 127511K, capacity 130572K, committed 130800K, reserved 1163264K
  class space    used 15697K, capacity 16731K, committed 16756K, reserved 1048576K
}
Event: 97.740 GC heap before
{Heap before GC invocations=73 (full 0):
 garbage-first heap   total 220160K, used 179104K [0x0000000080000000, 0x0000000100000000)
  region size 1024K, 58 young (59392K), 6 survivors (6144K)
 Metaspace       used 128502K, capacity 131606K, committed 131696K, reserved 1165312K
  class space    used 15823K, capacity 16874K, committed 16884K, reserved 1048576K
}
Event: 97.748 GC heap after
{Heap after GC invocations=74 (full 0):
 garbage-first heap   total 220160K, used 138169K [0x0000000080000000, 0x0000000100000000)
  region size 1024K, 8 young (8192K), 8 survivors (8192K)
 Metaspace       used 128502K, capacity 131606K, committed 131696K, reserved 1165312K
  class space    used 15823K, capacity 16874K, committed 16884K, reserved 1048576K
}
Event: 97.878 GC heap before
{Heap before GC invocations=74 (full 0):
 garbage-first heap   total 220160K, used 178105K [0x0000000080000000, 0x0000000100000000)
  region size 1024K, 48 young (49152K), 8 survivors (8192K)
 Metaspace       used 129578K, capacity 132784K, committed 132976K, reserved 1165312K
  class space    used 15984K, capacity 17073K, committed 17140K, reserved 1048576K
}

